<?xml version="1.0" encoding="UTF-8"?>
<!-- Generated by org.testng.reporters.JUnitReportReporter -->
<testsuite hostname="SWITCH-PC10" failures="0" tests="2" name="testcases_Pin_Geneartion.Pin_Generation_By_Filter_All" time="1.952" errors="0" timestamp="2023-05-24T14:31:28 IST" skipped="0">
  <testcase classname="testcases_Pin_Geneartion.Pin_Generation_By_Filter_All" name="login" time="0.008"/>
  <system-out/>
  <testcase classname="testcases_Pin_Geneartion.Pin_Generation_By_Filter_All" name="authorizecardsAll" time="1.944"/>
  <system-out/>
</testsuite> <!-- testcases_Pin_Geneartion.Pin_Generation_By_Filter_All -->
