<?xml version="1.0" encoding="UTF-8"?>
<!-- Generated by org.testng.reporters.JUnitReportReporter -->
<testsuite hostname="SWITCH-PC10" failures="0" tests="2" name="testcases_Personalizationprocess_Issue_Cards.Pin_Generation_By_Filter_All" time="2.272" errors="0" timestamp="2023-05-24T14:45:00 IST" skipped="0">
  <testcase classname="testcases_Personalizationprocess_Issue_Cards.Pin_Generation_By_Filter_All" name="login" time="0.010"/>
  <system-out/>
  <testcase classname="testcases_Personalizationprocess_Issue_Cards.Pin_Generation_By_Filter_All" name="authorizecardsAll" time="2.262"/>
  <system-out/>
</testsuite> <!-- testcases_Personalizationprocess_Issue_Cards.Pin_Generation_By_Filter_All -->
