<?xml version="1.0" encoding="UTF-8"?>
<!-- Generated by org.testng.reporters.JUnitReportReporter -->
<testsuite hostname="SWITCH-PC10" failures="0" tests="2" name="testcases_Personalizationprocess_Cvv_Generation.Cvv_Generation_By_Filter_All" time="3.582" errors="0" timestamp="2023-05-30T10:21:25 IST" skipped="0">
  <testcase classname="testcases_Personalizationprocess_Cvv_Generation.Cvv_Generation_By_Filter_All" name="login" time="0.013"/>
  <system-out/>
  <testcase classname="testcases_Personalizationprocess_Cvv_Generation.Cvv_Generation_By_Filter_All" name="authorizecardsAll" time="3.569"/>
  <system-out/>
</testsuite> <!-- testcases_Personalizationprocess_Cvv_Generation.Cvv_Generation_By_Filter_All -->
