<?xml version="1.0" encoding="UTF-8"?>
<!-- Generated by org.testng.reporters.JUnitReportReporter -->
<testsuite hostname="SWITCH-PC10" failures="0" tests="1" name="testcases_Personalizationprocess_PinGeneartion.Pin_Generation_By_Filter_All" time="2.181" errors="0" timestamp="2023-05-29T16:05:41 IST" skipped="0">
  <testcase classname="testcases_Personalizationprocess_PinGeneartion.Pin_Generation_By_Filter_All" name="pinsAll" time="2.181"/>
  <system-out/>
</testsuite> <!-- testcases_Personalizationprocess_PinGeneartion.Pin_Generation_By_Filter_All -->
