<?xml version="1.0" encoding="UTF-8"?>
<!-- Generated by org.testng.reporters.JUnitReportReporter -->
<testsuite hostname="SWITCH-PC10" failures="0" tests="1" name="common_Functionalities.Common_Functions" time="7.090" errors="0" timestamp="2023-05-23T15:44:41 IST" skipped="0">
  <testcase classname="common_Functionalities.Common_Functions" name="browserlaunch" time="7.090"/>
  <system-out/>
</testsuite> <!-- common_Functionalities.Common_Functions -->
