<?xml version="1.0" encoding="UTF-8"?>
<!-- Generated by org.testng.reporters.JUnitReportReporter -->
<testsuite hostname="SWITCH-PC10" failures="0" tests="1" name="testcases_Cvv_Generation.Cvv_Generation_By_Filter_All" time="2.201" errors="0" timestamp="2023-05-24T14:19:03 IST" skipped="0">
  <testcase classname="testcases_Cvv_Generation.Cvv_Generation_By_Filter_All" name="authorizecardsAll" time="2.201"/>
  <system-out/>
</testsuite> <!-- testcases_Cvv_Generation.Cvv_Generation_By_Filter_All -->
